<?xml version="1.0" encoding="UTF-8"?>
<!-- Generated by org.testng.reporters.JUnitReportReporter -->
<testsuite hostname="DESKTOP-N3JLC1N" failures="0" tests="1" name="TestCases.LoginTest" time="0.732" errors="0" timestamp="2025-07-09T12:03:02 BST" skipped="0">
  <testcase classname="TestCases.LoginTest" name="testLogin" time="0.732"/>
</testsuite> <!-- TestCases.LoginTest -->
