<?xml version="1.0" encoding="UTF-8"?>
<!-- Generated by org.testng.reporters.JUnitReportReporter -->
<testsuite hostname="DESKTOP-N3JLC1N" failures="0" tests="1" name="TestCases.ElementsTextBoxTest" time="0.670" errors="0" timestamp="2025-07-09T12:03:02 BST" skipped="0">
  <testcase classname="TestCases.ElementsTextBoxTest" name="testElementsTextBoxField" time="0.670"/>
</testsuite> <!-- TestCases.ElementsTextBoxTest -->
