<?xml version="1.0" encoding="UTF-8"?>
<!-- Generated by org.testng.reporters.JUnitReportReporter -->
<testsuite hostname="LTGB012058" failures="0" tests="1" name="TestCases.RegisterPageTest" time="1.087" errors="0" timestamp="2025-06-25T12:46:39 BST" skipped="0">
  <testcase classname="TestCases.RegisterPageTest" name="testRegisterNewUser" time="1.087"/>
</testsuite> <!-- TestCases.RegisterPageTest -->
